2022.10.30 18:28:20 INFO  tracing is disabled for protocol LSP, to enable tracing of incoming and outgoing JSON messages create an empty file at c:\Users\Diego\Documents\Me\University\Second semester\Programming Languages\Lab 2\.metals\lsp.trace.json or C:\Users\Diego\AppData\Local\scalameta\metals\cache\lsp.trace.json
2022.10.30 18:28:21 INFO  logging to file C:\Users\Diego\Documents\Me\University\Second semester\Programming Languages\Lab 2\.metals\metals.log
2022.10.30 18:28:21 INFO  Started: Metals version 0.11.9 in workspace 'C:\Users\Diego\Documents\Me\University\Second semester\Programming Languages\Lab 2' for client Visual Studio Code 1.72.2.
2022.10.30 18:28:29 INFO  time: initialize in 7.49s
2022.10.30 18:28:30 WARN  Build server is not auto-connectable.
2022.10.30 18:28:30 WARN  no build tool detected in workspace 'C:\Users\Diego\Documents\Me\University\Second semester\Programming Languages\Lab 2'. The most common cause for this problem is that the editor was opened in the wrong working directory, for example if you use sbt then the workspace directory should contain build.sbt. 
2022.10.30 18:28:30 WARN  no build target for: C:\Users\Diego\Documents\Me\University\Second semester\Programming Languages\Lab 2\1.scala
Oct 30, 2022 6:28:32 PM org.eclipse.lsp4j.jsonrpc.RemoteEndpoint handleCancellation
WARNING: Unmatched cancel notification for request id 1
2022.10.30 18:28:40 INFO  no build target found for C:\Users\Diego\Documents\Me\University\Second semester\Programming Languages\Lab 2\1.scala. Using presentation compiler with project's scala-library version: 3.2.0
Oct 30, 2022 6:28:41 PM org.eclipse.lsp4j.jsonrpc.RemoteEndpoint handleCancellation
WARNING: Unmatched cancel notification for request id 9
Oct 30, 2022 6:28:41 PM org.eclipse.lsp4j.jsonrpc.RemoteEndpoint handleCancellation
WARNING: Unmatched cancel notification for request id 14
Oct 30, 2022 6:28:41 PM org.eclipse.lsp4j.jsonrpc.RemoteEndpoint handleCancellation
WARNING: Unmatched cancel notification for request id 10
2022.10.30 18:28:46 INFO  time: code lens generation in 13s
2022.10.30 18:28:46 INFO  time: code lens generation in 4.72s
2022.10.30 18:28:46 INFO  time: code lens generation in 4.45s
Exception in thread "pool-3-thread-1" java.lang.Error: java.lang.InterruptedException
	at java.util.concurrent.ThreadPoolExecutor.runWorker(ThreadPoolExecutor.java:1155)
	at java.util.concurrent.ThreadPoolExecutor$Worker.run(ThreadPoolExecutor.java:624)
	at java.lang.Thread.run(Thread.java:748)
Caused by: java.lang.InterruptedException
	at scala.meta.internal.metals.FutureCancelToken.checkCanceled(FutureCancelToken.scala:29)
	at scala.meta.internal.pc.CompilerAccess.onCompilerJobQueue$$anonfun$1(CompilerAccess.scala:195)
	at scala.meta.internal.pc.CompilerJobQueue$Job.run(CompilerJobQueue.scala:152)
	at java.util.concurrent.ThreadPoolExecutor.runWorker(ThreadPoolExecutor.java:1149)
	... 2 more
2022.10.30 18:29:06 WARN  no build target for: C:\Users\Diego\Documents\Me\University\Second semester\Programming Languages\Lab 2\1.scala
2022.10.30 18:32:40 WARN  no build target for: C:\Users\Diego\Documents\Me\University\Second semester\Programming Languages\Lab 2\1.scala
2022.10.30 18:33:18 WARN  no build target for: C:\Users\Diego\Documents\Me\University\Second semester\Programming Languages\Lab 2\1.scala
2022.10.30 18:33:51 WARN  no build target for: C:\Users\Diego\Documents\Me\University\Second semester\Programming Languages\Lab 2\1.scala
2022.10.30 18:34:19 WARN  no build target for: C:\Users\Diego\Documents\Me\University\Second semester\Programming Languages\Lab 2\1.scala
2022.10.30 18:44:14 WARN  no build target for: C:\Users\Diego\Documents\Me\University\Second semester\Programming Languages\Lab 2\1.scala
2022.10.30 18:45:32 WARN  no build target for: C:\Users\Diego\Documents\Me\University\Second semester\Programming Languages\Lab 2\1.scala
2022.10.30 18:47:03 WARN  no build target for: C:\Users\Diego\Documents\Me\University\Second semester\Programming Languages\Lab 2\1.scala
2022.10.30 18:47:40 WARN  no build target for: C:\Users\Diego\Documents\Me\University\Second semester\Programming Languages\Lab 2\1.scala
2022.10.30 18:47:58 WARN  no build target for: C:\Users\Diego\Documents\Me\University\Second semester\Programming Languages\Lab 2\1.scala
2022.10.30 18:48:26 WARN  no build target for: C:\Users\Diego\Documents\Me\University\Second semester\Programming Languages\Lab 2\1.scala
2022.10.30 18:49:25 WARN  no build target for: C:\Users\Diego\Documents\Me\University\Second semester\Programming Languages\Lab 2\1.scala
2022.10.30 18:49:54 WARN  no build target for: C:\Users\Diego\Documents\Me\University\Second semester\Programming Languages\Lab 2\1.scala
2022.10.30 19:43:02 INFO  shutting down Metals
2022.10.31 05:56:52 INFO  tracing is disabled for protocol LSP, to enable tracing of incoming and outgoing JSON messages create an empty file at c:\Users\Diego\Documents\Me\University\Second semester\Programming Languages\Lab 2\.metals\lsp.trace.json or C:\Users\Diego\AppData\Local\scalameta\metals\cache\lsp.trace.json
2022.10.31 05:56:54 INFO  logging to file C:\Users\Diego\Documents\Me\University\Second semester\Programming Languages\Lab 2\.metals\metals.log
2022.10.31 05:56:54 INFO  Started: Metals version 0.11.9 in workspace 'C:\Users\Diego\Documents\Me\University\Second semester\Programming Languages\Lab 2' for client Visual Studio Code 1.72.2.
2022.10.31 05:56:59 INFO  time: initialize in 4.42s
2022.10.31 05:56:59 WARN  Build server is not auto-connectable.
2022.10.31 05:56:59 WARN  no build tool detected in workspace 'C:\Users\Diego\Documents\Me\University\Second semester\Programming Languages\Lab 2'. The most common cause for this problem is that the editor was opened in the wrong working directory, for example if you use sbt then the workspace directory should contain build.sbt. 
2022.10.31 05:56:59 WARN  no build target for: C:\Users\Diego\Documents\Me\University\Second semester\Programming Languages\Lab 2\1.scala
2022.10.31 05:57:05 INFO  no build target found for C:\Users\Diego\Documents\Me\University\Second semester\Programming Languages\Lab 2\1.scala. Using presentation compiler with project's scala-library version: 3.2.0
2022.10.31 12:27:19 INFO  shutting down Metals
2022.10.31 21:22:43 INFO  tracing is disabled for protocol LSP, to enable tracing of incoming and outgoing JSON messages create an empty file at c:\Users\Diego\Documents\Me\University\Second semester\Programming Languages\Lab 2\.metals\lsp.trace.json or C:\Users\Diego\AppData\Local\scalameta\metals\cache\lsp.trace.json
2022.10.31 21:22:45 INFO  logging to file C:\Users\Diego\Documents\Me\University\Second semester\Programming Languages\Lab 2\.metals\metals.log
2022.10.31 21:22:45 INFO  Started: Metals version 0.11.9 in workspace 'C:\Users\Diego\Documents\Me\University\Second semester\Programming Languages\Lab 2' for client Visual Studio Code 1.72.2.
2022.10.31 21:22:49 INFO  time: initialize in 3.73s
2022.10.31 21:22:50 WARN  Build server is not auto-connectable.
2022.10.31 21:22:50 WARN  no build tool detected in workspace 'C:\Users\Diego\Documents\Me\University\Second semester\Programming Languages\Lab 2'. The most common cause for this problem is that the editor was opened in the wrong working directory, for example if you use sbt then the workspace directory should contain build.sbt. 
2022.10.31 21:22:50 WARN  no build target for: C:\Users\Diego\Documents\Me\University\Second semester\Programming Languages\Lab 2\1.scala
2022.10.31 21:23:01 INFO  no build target found for C:\Users\Diego\Documents\Me\University\Second semester\Programming Languages\Lab 2\1.scala. Using presentation compiler with project's scala-library version: 3.2.0
2022.10.31 21:23:09 INFO  time: code lens generation in 17s
2022.10.31 21:23:10 INFO  shutting down Metals
